This file contains any messages produced by compilers while
running configure, to aid debugging if configure makes a mistake.

It was created by Zenity configure 3.12.1, which was
generated by GNU Autoconf 2.69.  Invocation command line was

  $ ./configure --enable-maintainer-mode --no-create --no-recursion

## --------- ##
## Platform. ##
## --------- ##

hostname = PCmoncamo
uname -m = x86_64
uname -r = 5.15.6-libre.100.fc34.gnu.x86_64
uname -s = Linux
uname -v = #1 SMP Fri Dec 3 20:45:43 EST 2021

/usr/bin/uname -p = x86_64
/bin/uname -X     = unknown

/bin/arch              = x86_64
/usr/bin/arch -k       = unknown
/usr/convex/getsysinfo = unknown
/usr/bin/hostinfo      = unknown
/bin/machine           = unknown
/usr/bin/oslevel       = unknown
/bin/universe          = unknown

PATH: /usr/lib64/ccache
PATH: /sbin
PATH: /usr/sbin
PATH: /usr/bin
PATH: /bin
PATH: /usr/local/sbin
PATH: /usr/local/bin
PATH: /usr/pkg/bin
PATH: /home/byjumperx4/.local/bin
PATH: /home/byjumperx4/.local/bin


## ----------- ##
## Core tests. ##
## ----------- ##

configure:2340: checking for a BSD-compatible install
configure:2408: result: /usr/bin/install -c
configure:2419: checking whether build environment is sane
configure:2474: result: yes
configure:2625: checking for a thread-safe mkdir -p
configure:2664: result: /usr/bin/mkdir -p
configure:2671: checking for gawk
configure:2687: found /usr/bin/gawk
configure:2698: result: gawk
configure:2709: checking whether make sets $(MAKE)
configure:2731: result: yes
configure:2760: checking whether make supports nested variables
configure:2777: result: yes
configure:2904: checking whether to enable maintainer-specific portions of Makefiles
configure:2913: result: yes
configure:2938: checking whether make supports nested variables
configure:2955: result: yes
configure:3016: checking for gcc
configure:3032: found /usr/lib64/ccache/gcc
configure:3043: result: gcc
configure:3272: checking for C compiler version
configure:3281: gcc --version >&5
gcc (GCC) 11.2.1 20210728 (Red Hat 11.2.1-1)
Copyright (C) 2021 Free Software Foundation, Inc.
This is free software; see the source for copying conditions.  There is NO
warranty; not even for MERCHANTABILITY or FITNESS FOR A PARTICULAR PURPOSE.

configure:3292: $? = 0
configure:3281: gcc -v >&5
Using built-in specs.
COLLECT_GCC=/usr/bin/gcc
COLLECT_LTO_WRAPPER=/usr/libexec/gcc/x86_64-redhat-linux/11/lto-wrapper
OFFLOAD_TARGET_NAMES=nvptx-none
OFFLOAD_TARGET_DEFAULT=1
Target: x86_64-redhat-linux
Configured with: ../configure --enable-bootstrap --enable-languages=c,c++,fortran,objc,obj-c++,ada,go,d,lto --prefix=/usr --mandir=/usr/share/man --infodir=/usr/share/info --with-bugurl=http://bugzilla.redhat.com/bugzilla --enable-shared --enable-threads=posix --enable-checking=release --enable-multilib --with-system-zlib --enable-__cxa_atexit --disable-libunwind-exceptions --enable-gnu-unique-object --enable-linker-build-id --with-gcc-major-version-only --with-linker-hash-style=gnu --enable-plugin --enable-initfini-array --with-isl=/builddir/build/BUILD/gcc-11.2.1-20210728/obj-x86_64-redhat-linux/isl-install --enable-offload-targets=nvptx-none --without-cuda-driver --enable-gnu-indirect-function --enable-cet --with-tune=generic --with-arch_32=i686 --build=x86_64-redhat-linux
Thread model: posix
Supported LTO compression algorithms: zlib zstd
gcc version 11.2.1 20210728 (Red Hat 11.2.1-1) (GCC) 
... rest of stderr output deleted ...
configure:3292: $? = 0
configure:3281: gcc -V >&5
gcc: error: unrecognized command-line option '-V'
gcc: fatal error: no input files
compilation terminated.
configure:3292: $? = 1
configure:3281: gcc -qversion >&5
gcc: error: unrecognized command-line option '-qversion'; did you mean '--version'?
gcc: fatal error: no input files
compilation terminated.
configure:3292: $? = 1
configure:3312: checking whether the C compiler works
configure:3334: gcc    conftest.c  >&5
configure:3338: $? = 0
configure:3386: result: yes
configure:3389: checking for C compiler default output file name
configure:3391: result: a.out
configure:3397: checking for suffix of executables
configure:3404: gcc -o conftest    conftest.c  >&5
configure:3408: $? = 0
configure:3430: result: 
configure:3452: checking whether we are cross compiling
configure:3460: gcc -o conftest    conftest.c  >&5
configure:3464: $? = 0
configure:3471: ./conftest
configure:3475: $? = 0
configure:3490: result: no
configure:3495: checking for suffix of object files
configure:3517: gcc -c   conftest.c >&5
configure:3521: $? = 0
configure:3542: result: o
configure:3546: checking whether we are using the GNU C compiler
configure:3565: gcc -c   conftest.c >&5
configure:3565: $? = 0
configure:3574: result: yes
configure:3583: checking whether gcc accepts -g
configure:3603: gcc -c -g  conftest.c >&5
configure:3603: $? = 0
configure:3644: result: yes
configure:3661: checking for gcc option to accept ISO C89
configure:3724: gcc  -c -g -O2  conftest.c >&5
configure:3724: $? = 0
configure:3737: result: none needed
configure:3762: checking whether gcc understands -c and -o together
configure:3784: gcc -c conftest.c -o conftest2.o
configure:3787: $? = 0
configure:3784: gcc -c conftest.c -o conftest2.o
configure:3787: $? = 0
configure:3799: result: yes
configure:3819: checking whether make supports the include directive
configure:3834: make -f confmf.GNU && cat confinc.out
make[1]: Entering directory '/home/byjumperx4/src/firefox-privacykit/zenity-src/zenity-ZENITY_3_12_1'
make[1]: Leaving directory '/home/byjumperx4/src/firefox-privacykit/zenity-src/zenity-ZENITY_3_12_1'
this is the am__doit target
configure:3837: $? = 0
configure:3856: result: yes (GNU style)
configure:3881: checking dependency style of gcc
configure:3992: result: gcc3
configure:4064: checking for pkg-config
configure:4082: found /usr/bin/pkg-config
configure:4094: result: /usr/bin/pkg-config
configure:4119: checking pkg-config is at least version 0.9.0
configure:4122: result: yes
configure:4132: checking for ZENITY
configure:4139: $PKG_CONFIG --exists --print-errors "gtk+-3.0 >= $GTK_REQUIRED glib-2.0"
configure:4142: $? = 0
configure:4156: $PKG_CONFIG --exists --print-errors "gtk+-3.0 >= $GTK_REQUIRED glib-2.0"
configure:4159: $? = 0
configure:4217: result: yes
configure:4242: gcc -c -I/usr/include/gtk-3.0 -I/usr/include/pango-1.0 -I/usr/include/glib-2.0 -I/usr/lib64/glib-2.0/include -I/usr/include/sysprof-4 -I/usr/include/harfbuzz -I/usr/include/freetype2 -I/usr/include/libpng16 -I/usr/include/libmount -I/usr/include/blkid -I/usr/include/fribidi -I/usr/include/libxml2 -I/usr/include/cairo -I/usr/include/pixman-1 -I/usr/include/gdk-pixbuf-2.0 -I/usr/include/gio-unix-2.0 -I/usr/include/cloudproviders -I/usr/include/atk-1.0 -I/usr/include/at-spi2-atk/2.0 -I/usr/include/dbus-1.0 -I/usr/lib64/dbus-1.0/include -I/usr/include/at-spi-2.0 -pthread   conftest.c >&5
configure:4242: $? = 0
configure:4254: checking for X
configure:4261: $PKG_CONFIG --exists --print-errors "x11"
configure:4264: $? = 0
configure:4278: $PKG_CONFIG --exists --print-errors "x11"
configure:4281: $? = 0
configure:4339: result: yes
configure:4353: checking for perl
configure:4371: found /usr/bin/perl
configure:4383: result: /usr/bin/perl
configure:4409: checking for LIBNOTIFY
configure:4416: $PKG_CONFIG --exists --print-errors "libnotify >= $LIBNOTIFY_REQUIRED"
Package libnotify was not found in the pkg-config search path.
Perhaps you should add the directory containing `libnotify.pc'
to the PKG_CONFIG_PATH environment variable
Package 'libnotify', required by 'virtual:world', not found
configure:4419: $? = 1
configure:4433: $PKG_CONFIG --exists --print-errors "libnotify >= $LIBNOTIFY_REQUIRED"
Package libnotify was not found in the pkg-config search path.
Perhaps you should add the directory containing `libnotify.pc'
to the PKG_CONFIG_PATH environment variable
Package 'libnotify', required by 'virtual:world', not found
configure:4436: $? = 1
configure:4450: result: no
Package 'libnotify', required by 'virtual:world', not found
configure:4504: checking for WEBKIT
configure:4511: $PKG_CONFIG --exists --print-errors "webkitgtk-3.0 >= $WEBKITGTK_REQUIRED"
Package webkitgtk-3.0 was not found in the pkg-config search path.
Perhaps you should add the directory containing `webkitgtk-3.0.pc'
to the PKG_CONFIG_PATH environment variable
Package 'webkitgtk-3.0', required by 'virtual:world', not found
configure:4514: $? = 1
configure:4528: $PKG_CONFIG --exists --print-errors "webkitgtk-3.0 >= $WEBKITGTK_REQUIRED"
Package webkitgtk-3.0 was not found in the pkg-config search path.
Perhaps you should add the directory containing `webkitgtk-3.0.pc'
to the PKG_CONFIG_PATH environment variable
Package 'webkitgtk-3.0', required by 'virtual:world', not found
configure:4531: $? = 1
configure:4545: result: no
Package 'webkitgtk-3.0', required by 'virtual:world', not found
configure:4589: checking whether to enable debugging
configure:4651: result: no
configure:4741: checking whether gcc understands -Wall
configure:4754: gcc -c -g -O2 -Wall  conftest.c >&5
configure:4754: $? = 0
configure:4761: result: yes
configure:4741: checking whether gcc understands -Wstrict-prototypes
configure:4754: gcc -c -g -O2 -Wstrict-prototypes  conftest.c >&5
conftest.c:14:1: warning: function declaration isn't a prototype [-Wstrict-prototypes]
   14 | main ()
      | ^~~~
configure:4754: $? = 0
configure:4761: result: yes
configure:4741: checking whether gcc understands -Wnested-externs
configure:4754: gcc -c -g -O2 -Wnested-externs  conftest.c >&5
configure:4754: $? = 0
configure:4761: result: yes
configure:4741: checking whether gcc understands -Werror=missing-prototypes
configure:4754: gcc -c -g -O2 -Werror=missing-prototypes  conftest.c >&5
configure:4754: $? = 0
configure:4761: result: yes
configure:4741: checking whether gcc understands -Werror=implicit-function-declaration
configure:4754: gcc -c -g -O2 -Werror=implicit-function-declaration  conftest.c >&5
configure:4754: $? = 0
configure:4761: result: yes
configure:4741: checking whether gcc understands -Werror=pointer-arith
configure:4754: gcc -c -g -O2 -Werror=pointer-arith  conftest.c >&5
configure:4754: $? = 0
configure:4761: result: yes
configure:4741: checking whether gcc understands -Werror=init-self
configure:4754: gcc -c -g -O2 -Werror=init-self  conftest.c >&5
configure:4754: $? = 0
configure:4761: result: yes
configure:4741: checking whether gcc understands -Werror=format-security
configure:4754: gcc -c -g -O2 -Werror=format-security  conftest.c >&5
cc1: error: '-Wformat-security' ignored without '-Wformat' [-Werror=format-security]
cc1: some warnings being treated as errors
configure:4754: $? = 1
configure: failed program was:
| /* confdefs.h */
| #define PACKAGE_NAME "Zenity"
| #define PACKAGE_TARNAME "zenity"
| #define PACKAGE_VERSION "3.12.1"
| #define PACKAGE_STRING "Zenity 3.12.1"
| #define PACKAGE_BUGREPORT "http://bugzilla.gnome.org/enter_bug.cgi?product=zenity"
| #define PACKAGE_URL ""
| #define PACKAGE "zenity"
| #define VERSION "3.12.1"
| #define NDEBUG 1
| /* end confdefs.h.  */
| 
| int
| main ()
| {
| 
|   ;
|   return 0;
| }
configure:4761: result: no
configure:4741: checking whether gcc understands -Werror=format=2
configure:4754: gcc -c -g -O2 -Werror=format=2  conftest.c >&5
configure:4754: $? = 0
configure:4761: result: yes
configure:4741: checking whether gcc understands -Werror=missing-include-dirs
configure:4754: gcc -c -g -O2 -Werror=missing-include-dirs  conftest.c >&5
configure:4754: $? = 0
configure:4761: result: yes
configure:4741: checking whether gcc understands -Werror=return-type
configure:4754: gcc -c -g -O2 -Werror=return-type  conftest.c >&5
configure:4754: $? = 0
configure:4761: result: yes
configure:4771: checking what warning flags to pass to the C compiler
configure:4773: result:  -Wall -Wstrict-prototypes -Wnested-externs -Werror=missing-prototypes -Werror=implicit-function-declaration -Werror=pointer-arith -Werror=init-self -Werror=format=2 -Werror=missing-include-dirs -Werror=return-type
configure:4784: checking what language compliance flags to pass to the C compiler
configure:4799: result: 
configure:4810: checking whether NLS is requested
configure:4819: result: yes
configure:4837: checking for intltool >= 0.40.0
configure:4839: result: 0.51.0 found
configure:4847: checking for intltool-update
configure:4865: found /usr/bin/intltool-update
configure:4877: result: /usr/bin/intltool-update
configure:4887: checking for intltool-merge
configure:4905: found /usr/bin/intltool-merge
configure:4917: result: /usr/bin/intltool-merge
configure:4927: checking for intltool-extract
configure:4945: found /usr/bin/intltool-extract
configure:4957: result: /usr/bin/intltool-extract
configure:5111: checking for xgettext
configure:5129: found /usr/bin/xgettext
configure:5141: result: /usr/bin/xgettext
configure:5151: checking for msgmerge
configure:5169: found /usr/bin/msgmerge
configure:5181: result: /usr/bin/msgmerge
configure:5191: checking for msgfmt
configure:5209: found /usr/bin/msgfmt
configure:5221: result: /usr/bin/msgfmt
configure:5231: checking for gmsgfmt
configure:5262: result: /usr/bin/msgfmt
configure:5282: checking for perl
configure:5300: found /usr/bin/perl
configure:5312: result: /usr/bin/perl
configure:5323: checking for perl >= 5.8.1
configure:5330: result: 5.32.1
configure:5334: checking for XML::Parser
configure:5337: result: ok
configure:5364: checking how to run the C preprocessor
configure:5395: gcc -E  conftest.c
configure:5395: $? = 0
configure:5409: gcc -E  conftest.c
conftest.c:13:10: fatal error: ac_nonexistent.h: No such file or directory
   13 | #include <ac_nonexistent.h>
      |          ^~~~~~~~~~~~~~~~~~
compilation terminated.
configure:5409: $? = 1
configure: failed program was:
| /* confdefs.h */
| #define PACKAGE_NAME "Zenity"
| #define PACKAGE_TARNAME "zenity"
| #define PACKAGE_VERSION "3.12.1"
| #define PACKAGE_STRING "Zenity 3.12.1"
| #define PACKAGE_BUGREPORT "http://bugzilla.gnome.org/enter_bug.cgi?product=zenity"
| #define PACKAGE_URL ""
| #define PACKAGE "zenity"
| #define VERSION "3.12.1"
| #define NDEBUG 1
| #define GETTEXT_PACKAGE "zenity"
| /* end confdefs.h.  */
| #include <ac_nonexistent.h>
configure:5434: result: gcc -E
configure:5454: gcc -E  conftest.c
configure:5454: $? = 0
configure:5468: gcc -E  conftest.c
conftest.c:13:10: fatal error: ac_nonexistent.h: No such file or directory
   13 | #include <ac_nonexistent.h>
      |          ^~~~~~~~~~~~~~~~~~
compilation terminated.
configure:5468: $? = 1
configure: failed program was:
| /* confdefs.h */
| #define PACKAGE_NAME "Zenity"
| #define PACKAGE_TARNAME "zenity"
| #define PACKAGE_VERSION "3.12.1"
| #define PACKAGE_STRING "Zenity 3.12.1"
| #define PACKAGE_BUGREPORT "http://bugzilla.gnome.org/enter_bug.cgi?product=zenity"
| #define PACKAGE_URL ""
| #define PACKAGE "zenity"
| #define VERSION "3.12.1"
| #define NDEBUG 1
| #define GETTEXT_PACKAGE "zenity"
| /* end confdefs.h.  */
| #include <ac_nonexistent.h>
configure:5497: checking for grep that handles long lines and -e
configure:5555: result: /usr/bin/grep
configure:5560: checking for egrep
configure:5622: result: /usr/bin/grep -E
configure:5627: checking for ANSI C header files
configure:5647: gcc -c -g -O2  conftest.c >&5
configure:5647: $? = 0
configure:5720: gcc -o conftest -g -O2   conftest.c  >&5
configure:5720: $? = 0
configure:5720: ./conftest
configure:5720: $? = 0
configure:5731: result: yes
configure:5744: checking for sys/types.h
configure:5744: gcc -c -g -O2  conftest.c >&5
configure:5744: $? = 0
configure:5744: result: yes
configure:5744: checking for sys/stat.h
configure:5744: gcc -c -g -O2  conftest.c >&5
configure:5744: $? = 0
configure:5744: result: yes
configure:5744: checking for stdlib.h
configure:5744: gcc -c -g -O2  conftest.c >&5
configure:5744: $? = 0
configure:5744: result: yes
configure:5744: checking for string.h
configure:5744: gcc -c -g -O2  conftest.c >&5
configure:5744: $? = 0
configure:5744: result: yes
configure:5744: checking for memory.h
configure:5744: gcc -c -g -O2  conftest.c >&5
configure:5744: $? = 0
configure:5744: result: yes
configure:5744: checking for strings.h
configure:5744: gcc -c -g -O2  conftest.c >&5
configure:5744: $? = 0
configure:5744: result: yes
configure:5744: checking for inttypes.h
configure:5744: gcc -c -g -O2  conftest.c >&5
configure:5744: $? = 0
configure:5744: result: yes
configure:5744: checking for stdint.h
configure:5744: gcc -c -g -O2  conftest.c >&5
configure:5744: $? = 0
configure:5744: result: yes
configure:5744: checking for unistd.h
configure:5744: gcc -c -g -O2  conftest.c >&5
configure:5744: $? = 0
configure:5744: result: yes
configure:5759: checking locale.h usability
configure:5759: gcc -c -g -O2  conftest.c >&5
configure:5759: $? = 0
configure:5759: result: yes
configure:5759: checking locale.h presence
configure:5759: gcc -E  conftest.c
configure:5759: $? = 0
configure:5759: result: yes
configure:5759: checking for locale.h
configure:5759: result: yes
configure:5770: checking for LC_MESSAGES
configure:5786: gcc -o conftest -g -O2   conftest.c  >&5
configure:5786: $? = 0
configure:5794: result: yes
configure:5812: checking for CFPreferencesCopyAppValue
configure:5830: gcc -o conftest -g -O2   conftest.c  -Wl,-framework -Wl,CoreFoundation >&5
conftest.c:25:10: fatal error: CoreFoundation/CFPreferences.h: No such file or directory
   25 | #include <CoreFoundation/CFPreferences.h>
      |          ^~~~~~~~~~~~~~~~~~~~~~~~~~~~~~~~
compilation terminated.
configure:5830: $? = 1
configure: failed program was:
| /* confdefs.h */
| #define PACKAGE_NAME "Zenity"
| #define PACKAGE_TARNAME "zenity"
| #define PACKAGE_VERSION "3.12.1"
| #define PACKAGE_STRING "Zenity 3.12.1"
| #define PACKAGE_BUGREPORT "http://bugzilla.gnome.org/enter_bug.cgi?product=zenity"
| #define PACKAGE_URL ""
| #define PACKAGE "zenity"
| #define VERSION "3.12.1"
| #define NDEBUG 1
| #define GETTEXT_PACKAGE "zenity"
| #define STDC_HEADERS 1
| #define HAVE_SYS_TYPES_H 1
| #define HAVE_SYS_STAT_H 1
| #define HAVE_STDLIB_H 1
| #define HAVE_STRING_H 1
| #define HAVE_MEMORY_H 1
| #define HAVE_STRINGS_H 1
| #define HAVE_INTTYPES_H 1
| #define HAVE_STDINT_H 1
| #define HAVE_UNISTD_H 1
| #define HAVE_LOCALE_H 1
| #define HAVE_LC_MESSAGES 1
| /* end confdefs.h.  */
| #include <CoreFoundation/CFPreferences.h>
| int
| main ()
| {
| CFPreferencesCopyAppValue(NULL, NULL)
|   ;
|   return 0;
| }
configure:5839: result: no
configure:5846: checking for CFLocaleCopyCurrent
configure:5864: gcc -o conftest -g -O2   conftest.c  -Wl,-framework -Wl,CoreFoundation >&5
conftest.c:25:10: fatal error: CoreFoundation/CFLocale.h: No such file or directory
   25 | #include <CoreFoundation/CFLocale.h>
      |          ^~~~~~~~~~~~~~~~~~~~~~~~~~~
compilation terminated.
configure:5864: $? = 1
configure: failed program was:
| /* confdefs.h */
| #define PACKAGE_NAME "Zenity"
| #define PACKAGE_TARNAME "zenity"
| #define PACKAGE_VERSION "3.12.1"
| #define PACKAGE_STRING "Zenity 3.12.1"
| #define PACKAGE_BUGREPORT "http://bugzilla.gnome.org/enter_bug.cgi?product=zenity"
| #define PACKAGE_URL ""
| #define PACKAGE "zenity"
| #define VERSION "3.12.1"
| #define NDEBUG 1
| #define GETTEXT_PACKAGE "zenity"
| #define STDC_HEADERS 1
| #define HAVE_SYS_TYPES_H 1
| #define HAVE_SYS_STAT_H 1
| #define HAVE_STDLIB_H 1
| #define HAVE_STRING_H 1
| #define HAVE_MEMORY_H 1
| #define HAVE_STRINGS_H 1
| #define HAVE_INTTYPES_H 1
| #define HAVE_STDINT_H 1
| #define HAVE_UNISTD_H 1
| #define HAVE_LOCALE_H 1
| #define HAVE_LC_MESSAGES 1
| /* end confdefs.h.  */
| #include <CoreFoundation/CFLocale.h>
| int
| main ()
| {
| CFLocaleCopyCurrent();
|   ;
|   return 0;
| }
configure:5873: result: no
configure:5887: checking libintl.h usability
configure:5887: gcc -c -g -O2  conftest.c >&5
configure:5887: $? = 0
configure:5887: result: yes
configure:5887: checking libintl.h presence
configure:5887: gcc -E  conftest.c
configure:5887: $? = 0
configure:5887: result: yes
configure:5887: checking for libintl.h
configure:5887: result: yes
configure:5895: checking for ngettext in libc
configure:5913: gcc -o conftest -g -O2   conftest.c  >&5
configure:5913: $? = 0
configure:5922: result: yes
configure:5926: checking for dgettext in libc
configure:5944: gcc -o conftest -g -O2   conftest.c  >&5
configure:5944: $? = 0
configure:5953: result: yes
configure:5960: checking for bind_textdomain_codeset
configure:5960: gcc -o conftest -g -O2   conftest.c  >&5
configure:5960: $? = 0
configure:5960: result: yes
configure:6236: checking for msgfmt
configure:6263: result: /usr/bin/msgfmt
configure:6274: checking for dcgettext
configure:6274: gcc -o conftest -g -O2   conftest.c   >&5
conftest.c:50:6: warning: conflicting types for built-in function 'dcgettext'; expected 'char *(const char *, const char *, int)' [-Wbuiltin-declaration-mismatch]
   50 | char dcgettext ();
      |      ^~~~~~~~~
configure:6274: $? = 0
configure:6274: result: yes
configure:6284: checking if msgfmt accepts -c
configure:6299: $MSGFMT -c -o /dev/null conftest.foo
conftest.foo:3: warning: header field 'Language' missing in header
configure:6302: $? = 0
configure:6304: result: yes
configure:6314: checking for gmsgfmt
configure:6345: result: /usr/bin/msgfmt
configure:6355: checking for xgettext
configure:6382: result: /usr/bin/xgettext
configure:6401: gcc -o conftest -g -O2   conftest.c   >&5
configure:6401: $? = 0
configure:6544: checking whether ln -s works
configure:6548: result: yes
configure:6590: checking for itstool
configure:6606: found /usr/bin/itstool
configure:6617: result: itstool
configure:6632: checking for xmllint
configure:6648: found /usr/bin/xmllint
configure:6659: result: xmllint
configure:6956: checking that generated files are newer than configure
configure:6962: result: done
configure:6993: creating ./config.status

## ---------------- ##
## Cache variables. ##
## ---------------- ##

ac_cv_c_compiler_gnu=yes
ac_cv_env_CC_set=
ac_cv_env_CC_value=
ac_cv_env_CFLAGS_set=
ac_cv_env_CFLAGS_value=
ac_cv_env_CPPFLAGS_set=
ac_cv_env_CPPFLAGS_value=
ac_cv_env_CPP_set=
ac_cv_env_CPP_value=
ac_cv_env_ITSTOOL_set=
ac_cv_env_ITSTOOL_value=
ac_cv_env_LDFLAGS_set=
ac_cv_env_LDFLAGS_value=
ac_cv_env_LIBNOTIFY_CFLAGS_set=
ac_cv_env_LIBNOTIFY_CFLAGS_value=
ac_cv_env_LIBNOTIFY_LIBS_set=
ac_cv_env_LIBNOTIFY_LIBS_value=
ac_cv_env_LIBS_set=
ac_cv_env_LIBS_value=
ac_cv_env_PKG_CONFIG_LIBDIR_set=
ac_cv_env_PKG_CONFIG_LIBDIR_value=
ac_cv_env_PKG_CONFIG_PATH_set=
ac_cv_env_PKG_CONFIG_PATH_value=
ac_cv_env_PKG_CONFIG_set=
ac_cv_env_PKG_CONFIG_value=
ac_cv_env_WEBKIT_CFLAGS_set=
ac_cv_env_WEBKIT_CFLAGS_value=
ac_cv_env_WEBKIT_LIBS_set=
ac_cv_env_WEBKIT_LIBS_value=
ac_cv_env_XMLLINT_set=
ac_cv_env_XMLLINT_value=
ac_cv_env_X_CFLAGS_set=
ac_cv_env_X_CFLAGS_value=
ac_cv_env_X_LIBS_set=
ac_cv_env_X_LIBS_value=
ac_cv_env_ZENITY_CFLAGS_set=
ac_cv_env_ZENITY_CFLAGS_value=
ac_cv_env_ZENITY_LIBS_set=
ac_cv_env_ZENITY_LIBS_value=
ac_cv_env_build_alias_set=
ac_cv_env_build_alias_value=
ac_cv_env_host_alias_set=
ac_cv_env_host_alias_value=
ac_cv_env_target_alias_set=
ac_cv_env_target_alias_value=
ac_cv_func_bind_textdomain_codeset=yes
ac_cv_func_dcgettext=yes
ac_cv_header_inttypes_h=yes
ac_cv_header_libintl_h=yes
ac_cv_header_locale_h=yes
ac_cv_header_memory_h=yes
ac_cv_header_stdc=yes
ac_cv_header_stdint_h=yes
ac_cv_header_stdlib_h=yes
ac_cv_header_string_h=yes
ac_cv_header_strings_h=yes
ac_cv_header_sys_stat_h=yes
ac_cv_header_sys_types_h=yes
ac_cv_header_unistd_h=yes
ac_cv_objext=o
ac_cv_path_EGREP='/usr/bin/grep -E'
ac_cv_path_GMSGFMT=/usr/bin/msgfmt
ac_cv_path_GREP=/usr/bin/grep
ac_cv_path_INTLTOOL_EXTRACT=/usr/bin/intltool-extract
ac_cv_path_INTLTOOL_MERGE=/usr/bin/intltool-merge
ac_cv_path_INTLTOOL_PERL=/usr/bin/perl
ac_cv_path_INTLTOOL_UPDATE=/usr/bin/intltool-update
ac_cv_path_MSGFMT=/usr/bin/msgfmt
ac_cv_path_MSGMERGE=/usr/bin/msgmerge
ac_cv_path_PERL=/usr/bin/perl
ac_cv_path_XGETTEXT=/usr/bin/xgettext
ac_cv_path_ac_pt_PKG_CONFIG=/usr/bin/pkg-config
ac_cv_path_install='/usr/bin/install -c'
ac_cv_path_mkdir=/usr/bin/mkdir
ac_cv_prog_AWK=gawk
ac_cv_prog_CPP='gcc -E'
ac_cv_prog_ITSTOOL=itstool
ac_cv_prog_XMLLINT=xmllint
ac_cv_prog_ac_ct_CC=gcc
ac_cv_prog_cc_c89=
ac_cv_prog_cc_g=yes
ac_cv_prog_make_make_set=yes
am_cv_CC_dependencies_compiler_type=gcc3
am_cv_make_support_nested_variables=yes
am_cv_prog_cc_c_o=yes
am_cv_val_LC_MESSAGES=yes
gt_cv_func_CFLocaleCopyCurrent=no
gt_cv_func_CFPreferencesCopyAppValue=no
gt_cv_func_dgettext_libc=yes
gt_cv_func_dgettext_libintl=no
gt_cv_func_ngettext_libc=yes
gt_cv_have_gettext=yes
pkg_cv_X_CFLAGS=
pkg_cv_X_LIBS='-lX11 '
pkg_cv_ZENITY_CFLAGS='-I/usr/include/gtk-3.0 -I/usr/include/pango-1.0 -I/usr/include/glib-2.0 -I/usr/lib64/glib-2.0/include -I/usr/include/sysprof-4 -I/usr/include/harfbuzz -I/usr/include/freetype2 -I/usr/include/libpng16 -I/usr/include/libmount -I/usr/include/blkid -I/usr/include/fribidi -I/usr/include/libxml2 -I/usr/include/cairo -I/usr/include/pixman-1 -I/usr/include/gdk-pixbuf-2.0 -I/usr/include/gio-unix-2.0 -I/usr/include/cloudproviders -I/usr/include/atk-1.0 -I/usr/include/at-spi2-atk/2.0 -I/usr/include/dbus-1.0 -I/usr/lib64/dbus-1.0/include -I/usr/include/at-spi-2.0 -pthread '
pkg_cv_ZENITY_LIBS='-lgtk-3 -lgdk-3 -lpangocairo-1.0 -lpango-1.0 -lharfbuzz -latk-1.0 -lcairo-gobject -lcairo -lgdk_pixbuf-2.0 -lgio-2.0 -lgobject-2.0 -lglib-2.0 '

## ----------------- ##
## Output variables. ##
## ----------------- ##
















	        $(LN_S) -f "$(HELP_DIR)/C/$(HELP_ID)/$$f" "$$helpdir$$f" || exit 1; \
	        echo "$(LN_S) -f $(HELP_DIR)/C/$(HELP_ID)/$$f $$helpdir$$f"; \
	      $(INSTALL_DATA) "$$d$$lc/$$f" "$$helpdir$$f" || exit 1; \
	      echo "$(INSTALL_DATA) $$d$$lc/$$f $$helpdir$$f"; \
	      fi; \
	      if test "x$(YELP_LC_MEDIA_LINKS)" != "x"; then \
	    $(ITSTOOL) -o "$(notdir $@).tmp" $(_HELP_C_FILES) && \
	    $(ITSTOOL) -o "$(notdir $@).tmp" $(_HELP_C_FILES) && \
	    $(XMLLINT) --nonet --noout --noent --path "$$xmlpath" --xinclude "$$d$$lc/$$page"; \
	    cp -p "$$d$$lc/$$file" "$(distdir)/$$lc/" || exit 1; \
	    d="$(srcdir)/"; \
	    echo "$(XMLLINT) --nonet --noout --noent --path $$xmlpath --xinclude $$d$$lc/$$page"; \
	    echo "rm -f $$helpdir$$f"; \
	    elif test "x$$lc" != "xC"; then \
	    fi; \
	    helpdir="$(DESTDIR)$(HELP_DIR)/$$lc/$(HELP_ID)/"; \
	    helpdir="$(DESTDIR)$(HELP_DIR)/$$lc/$(HELP_ID)/"; \
	    if ! test -d "$$helpdir$$mdir"; then $(mkinstalldirs) "$$helpdir$$mdir"; fi; \
	    if test "x$mdir" = "x."; then mdir=""; fi; \
	    if test -f "$$d$$lc/$$f"; then \
	    if test -f "$$lc$$f"; then d=; else d="$(srcdir)/"; fi; \
	    if test -f "$$lc/$$file"; then d=./; else d=$(srcdir)/; fi; \
	    mdir=`dirname "$$f"`; \
	    msgmerge -o "$(notdir $@)" "$(notdir $@)" "$(notdir $@).tmp" && \
	    mv "$(notdir $@).tmp" "$(notdir $@)"); \
	    rm "$(notdir $@).tmp"); \
	    rm -f "$$helpdir$$f"; \
	    then d=; \
	    xmlpath="$$lc"; \
	    xmlpath="$$lc:$(srcdir)/$$lc"; \
	  $(INSTALL_DATA) "$$d$$f" "$$helpdir`basename $$f`" || exit 1; \
	  $(INSTALL_DATA) "$$d$$lc/$$f" "$$helpdir`basename $$f`" || exit 1; \
	  $(MKDIR_P) "$(distdir)/$$lc"; \
	  $(mkinstalldirs) "$(DESTDIR)$(HELP_DIR)/$$lc/$(HELP_ID)" || exit 1; \
	  (cd "$(dir $@)" && \
	  (cd "$(dir $@)" && \
	  done; \
	  done; \
	  done; \
	  done; \
	  echo "$(INSTALL_DATA) $$d$$f $$helpdir`basename $$f`"; \
	  echo "$(INSTALL_DATA) $$d$$lc/$$f $$helpdir`basename $$f`"; \
	  echo "rm -f $$helpdir`basename $$f`"; \
	  echo "rm -f $$helpdir`basename $$f`"; \
	  else \
	  fi; \
	  for file in $(HELP_FILES); do \
	  for lc in C $(_HELP_LINGUAS); do \
	  for lc in C $(_HELP_LINGUAS); do \
	  for page in $(HELP_FILES); do \
	  helpdir="$(DESTDIR)$(HELP_DIR)/$$lc/$(HELP_ID)/"; \
	  helpdir="$(DESTDIR)$(HELP_DIR)/$$lc/$(HELP_ID)/"; \
	  helpdir="$(DESTDIR)$(HELP_DIR)/$$lc/$(HELP_ID)/"; \
	  helpdir="$(DESTDIR)$(HELP_DIR)/$$lc/$(HELP_ID)/"; \
	  if ! test -d "$$helpdir"; then $(mkinstalldirs) "$$helpdir"; fi; \
	  if ! test -d "$$helpdir"; then $(mkinstalldirs) "$$helpdir"; fi; \
	  if test "x$(_HELP_V)" = "x0"; then echo "  GEN    $${po}"; fi; \
	  if test -d "$$lc"; \
	  if test -f "$$f"; then d=; else d="$(srcdir)/"; fi; \
	  if test -f "$$lc/$$f"; then d=; else d="$(srcdir)/"; fi; \
	  lc=`dirname "$$f"`; lc=`basename "$$lc"`; \
	  lc=`dirname "$$f"`; lc=`basename "$$lc"`; \
	  msgmerge -q -o "$${po}" "$${po}" "$(_HELP_POTFILE)"; \
	  rm -f "$$helpdir`basename $$f`"; \
	  rm -f "$$helpdir`basename $$f`"; \
	$(AM_V_GEN)if ! test -f "$@"; then \
	$(AM_V_GEN)if test -d "C"; then d=; else d="$(srcdir)/"; fi; \
	$(AM_V_GEN)msgfmt -o "$@" "$<"
	$(AM_V_at)for po in $(_HELP_POFILES); do \
	$(AM_V_at)if ! test -d "$(dir $@)"; then mkdir "$(dir $@)"; fi
	$(AM_V_at)if ! test -d "$(dir $@)"; then mkdir "$(dir $@)"; fi
	$(AM_V_at)if ! test -d "$(dir $@)"; then mkdir "$(dir $@)"; fi
	$(AM_V_at)if test ! -f "$@" -a -f "$(srcdir)/$@"; then cp "$(srcdir)/$@" "$@"; fi
	$(ITSTOOL) -o "$@" $(foreach f,$(_HELP_C_FILES),"$${d}$(f)")
	$(_HELP_LC_VERBOSE)if test -d "C"; then d="../"; else d="$(abs_srcdir)/"; fi; \
	(cd "$(dir $@)" && $(ITSTOOL) -m "$${mo}" $(foreach f,$(_HELP_C_FILES),$${d}/$(f))) && \
	@for f in $(HELP_MEDIA); do \
	@for f in $(HELP_MEDIA); do \
	@for f in $(_HELP_C_EXTRA); do \
	@for f in $(_HELP_C_EXTRA); do \
	@for lc in C $(_HELP_LINGUAS); do \
	@for lc in C $(_HELP_LINGUAS); do for f in $(HELP_FILES); do \
	@for lc in C $(if $(YELP_LC_DIST),$(HELP_LINGUAS)) ; do \
	done
	done
	done
	done
	done
	done
	done;
	done; \
	done; done
	done; done
	else \
	fi
	for lc in C $(_HELP_LINGUAS); do \
	for lc in C $(_HELP_LINGUAS); do for f in $(HELP_FILES); do \
	if test -f "$${mo}"; then mo="../$${mo}"; else mo="$(abs_srcdir)/$${mo}"; fi; \
	mo="$(dir $@)$(patsubst %/$(notdir $@),%,$@).mo"; \
	rm -f $(_HELP_LC_FILES) $(_HELP_LC_STAMPS) $(_HELP_MOFILES)
	touch "$@"
$(_HELP_LC_FILES): $(_HELP_LINGUAS)
$(_HELP_LC_STAMPS): $(_HELP_C_FILES) $(_HELP_C_EXTRA)
$(_HELP_LC_STAMPS): %.stamp: %.mo
$(_HELP_LINGUAS): $(_HELP_LC_STAMPS)
$(_HELP_MOFILES): %.mo: %.po
$(_HELP_POFILES):
$(_HELP_POTFILE): $(_HELP_C_FILES) $(_HELP_C_EXTRA) $(_HELP_C_MEDIA)
'
.PHONY: check-help
.PHONY: clean-help
.PHONY: install-help
.PHONY: pot
.PHONY: repo
.PHONY: uninstall-help
ACLOCAL='${SHELL} /home/byjumperx4/src/firefox-privacykit/zenity-src/zenity-ZENITY_3_12_1/missing aclocal-1.16'
ALL_LINGUAS=''
AMDEPBACKSLASH='\'
AMDEP_FALSE='#'
AMDEP_TRUE=''
AMTAR='$${TAR-tar}'
AM_BACKSLASH='\'
AM_CFLAGS=''
AM_CPPFLAGS=''
AM_DEFAULT_V='$(AM_DEFAULT_VERBOSITY)'
AM_DEFAULT_VERBOSITY='0'
AM_LDFLAGS=''
AM_V='$(V)'
AUTOCONF='${SHELL} /home/byjumperx4/src/firefox-privacykit/zenity-src/zenity-ZENITY_3_12_1/missing autoconf'
AUTOHEADER='${SHELL} /home/byjumperx4/src/firefox-privacykit/zenity-src/zenity-ZENITY_3_12_1/missing autoheader'
AUTOMAKE='${SHELL} /home/byjumperx4/src/firefox-privacykit/zenity-src/zenity-ZENITY_3_12_1/missing automake-1.16'
AWK='gawk'
CATALOGS=''
CATOBJEXT='.gmo'
CC='gcc'
CCDEPMODE='depmode=gcc3'
CFLAGS='-g -O2'
CPP='gcc -E'
CPPFLAGS=''
CYGPATH_W='echo'
DATADIRNAME='share'
DEFS='-DHAVE_CONFIG_H'
DEPDIR='.deps'
ECHO_C=''
ECHO_N='-n'
ECHO_T=''
EGREP='/usr/bin/grep -E'
EXEEXT=''
EXTRA_DIST += $(_HELP_C_EXTRA) $(_HELP_C_MEDIA)
EXTRA_DIST += $(foreach f,$(HELP_MEDIA),$(foreach lc,$(HELP_LINGUAS),$(wildcard $(lc)/$(f))))
EXTRA_DIST += $(foreach lc,$(HELP_LINGUAS),$(lc)/$(lc).po)
EXTRA_DIST += $(if $(YELP_LC_DIST),$(foreach lc,$(HELP_LINGUAS),$(lc)/$(lc).stamp))
EXTRA_DIST ?=
GETTEXT_PACKAGE='zenity'
GMOFILES=''
GMSGFMT='/usr/bin/msgfmt'
GREP='/usr/bin/grep'
HELP_DIR='${datadir}/help'
HELP_EXTRA ?=
HELP_FILES ?=
HELP_ID ?=
HELP_LINGUAS ?=
HELP_MEDIA ?=
HELP_POT ?=
INSTALL_DATA='${INSTALL} -m 644'
INSTALL_PROGRAM='${INSTALL}'
INSTALL_SCRIPT='${INSTALL}'
INSTALL_STRIP_PROGRAM='$(install_sh) -c -s'
INSTOBJEXT='.mo'
INTLLIBS=''
INTLTOOL_CAVES_RULE='%.caves:     %.caves.in     $(INTLTOOL_MERGE) $(wildcard $(top_srcdir)/po/*.po) ; $(INTLTOOL_V_MERGE)LC_ALL=C $(INTLTOOL_MERGE) $(INTLTOOL_V_MERGE_OPTIONS) -d -u -c $(top_builddir)/po/.intltool-merge-cache $(top_srcdir)/po $< $@'
INTLTOOL_DESKTOP_RULE='%.desktop:   %.desktop.in   $(INTLTOOL_MERGE) $(wildcard $(top_srcdir)/po/*.po) ; $(INTLTOOL_V_MERGE)LC_ALL=C $(INTLTOOL_MERGE) $(INTLTOOL_V_MERGE_OPTIONS) -d -u -c $(top_builddir)/po/.intltool-merge-cache $(top_srcdir)/po $< $@'
INTLTOOL_DIRECTORY_RULE='%.directory: %.directory.in $(INTLTOOL_MERGE) $(wildcard $(top_srcdir)/po/*.po) ; $(INTLTOOL_V_MERGE)LC_ALL=C $(INTLTOOL_MERGE) $(INTLTOOL_V_MERGE_OPTIONS) -d -u -c $(top_builddir)/po/.intltool-merge-cache $(top_srcdir)/po $< $@'
INTLTOOL_EXTRACT='/usr/bin/intltool-extract'
INTLTOOL_KBD_RULE='%.kbd:       %.kbd.in       $(INTLTOOL_MERGE) $(wildcard $(top_srcdir)/po/*.po) ; $(INTLTOOL_V_MERGE)LC_ALL=C $(INTLTOOL_MERGE) $(INTLTOOL_V_MERGE_OPTIONS) -x -u -m -c $(top_builddir)/po/.intltool-merge-cache $(top_srcdir)/po $< $@'
INTLTOOL_KEYS_RULE='%.keys:      %.keys.in      $(INTLTOOL_MERGE) $(wildcard $(top_srcdir)/po/*.po) ; $(INTLTOOL_V_MERGE)LC_ALL=C $(INTLTOOL_MERGE) $(INTLTOOL_V_MERGE_OPTIONS) -k -u -c $(top_builddir)/po/.intltool-merge-cache $(top_srcdir)/po $< $@'
INTLTOOL_MERGE='/usr/bin/intltool-merge'
INTLTOOL_OAF_RULE='%.oaf:       %.oaf.in       $(INTLTOOL_MERGE) $(wildcard $(top_srcdir)/po/*.po) ; $(INTLTOOL_V_MERGE)LC_ALL=C $(INTLTOOL_MERGE) $(INTLTOOL_V_MERGE_OPTIONS) -o -p $(top_srcdir)/po $< $@'
INTLTOOL_PERL='/usr/bin/perl'
INTLTOOL_POLICY_RULE='%.policy:    %.policy.in    $(INTLTOOL_MERGE) $(wildcard $(top_srcdir)/po/*.po) ; $(INTLTOOL_V_MERGE)LC_ALL=C $(INTLTOOL_MERGE) $(INTLTOOL_V_MERGE_OPTIONS) -x -u -c $(top_builddir)/po/.intltool-merge-cache $(top_srcdir)/po $< $@'
INTLTOOL_PONG_RULE='%.pong:      %.pong.in      $(INTLTOOL_MERGE) $(wildcard $(top_srcdir)/po/*.po) ; $(INTLTOOL_V_MERGE)LC_ALL=C $(INTLTOOL_MERGE) $(INTLTOOL_V_MERGE_OPTIONS) -x -u -c $(top_builddir)/po/.intltool-merge-cache $(top_srcdir)/po $< $@'
INTLTOOL_PROP_RULE='%.prop:      %.prop.in      $(INTLTOOL_MERGE) $(wildcard $(top_srcdir)/po/*.po) ; $(INTLTOOL_V_MERGE)LC_ALL=C $(INTLTOOL_MERGE) $(INTLTOOL_V_MERGE_OPTIONS) -d -u -c $(top_builddir)/po/.intltool-merge-cache $(top_srcdir)/po $< $@'
INTLTOOL_SCHEMAS_RULE='%.schemas:   %.schemas.in   $(INTLTOOL_MERGE) $(wildcard $(top_srcdir)/po/*.po) ; $(INTLTOOL_V_MERGE)LC_ALL=C $(INTLTOOL_MERGE) $(INTLTOOL_V_MERGE_OPTIONS) -s -u -c $(top_builddir)/po/.intltool-merge-cache $(top_srcdir)/po $< $@'
INTLTOOL_SERVER_RULE='%.server:    %.server.in    $(INTLTOOL_MERGE) $(wildcard $(top_srcdir)/po/*.po) ; $(INTLTOOL_V_MERGE)LC_ALL=C $(INTLTOOL_MERGE) $(INTLTOOL_V_MERGE_OPTIONS) -o -u -c $(top_builddir)/po/.intltool-merge-cache $(top_srcdir)/po $< $@'
INTLTOOL_SERVICE_RULE='%.service: %.service.in   $(INTLTOOL_MERGE) $(wildcard $(top_srcdir)/po/*.po) ; $(INTLTOOL_V_MERGE)LC_ALL=C $(INTLTOOL_MERGE) $(INTLTOOL_V_MERGE_OPTIONS) -d -u -c $(top_builddir)/po/.intltool-merge-cache $(top_srcdir)/po $< $@'
INTLTOOL_SHEET_RULE='%.sheet:     %.sheet.in     $(INTLTOOL_MERGE) $(wildcard $(top_srcdir)/po/*.po) ; $(INTLTOOL_V_MERGE)LC_ALL=C $(INTLTOOL_MERGE) $(INTLTOOL_V_MERGE_OPTIONS) -x -u -c $(top_builddir)/po/.intltool-merge-cache $(top_srcdir)/po $< $@'
INTLTOOL_SOUNDLIST_RULE='%.soundlist: %.soundlist.in $(INTLTOOL_MERGE) $(wildcard $(top_srcdir)/po/*.po) ; $(INTLTOOL_V_MERGE)LC_ALL=C $(INTLTOOL_MERGE) $(INTLTOOL_V_MERGE_OPTIONS) -d -u -c $(top_builddir)/po/.intltool-merge-cache $(top_srcdir)/po $< $@'
INTLTOOL_THEME_RULE='%.theme:     %.theme.in     $(INTLTOOL_MERGE) $(wildcard $(top_srcdir)/po/*.po) ; $(INTLTOOL_V_MERGE)LC_ALL=C $(INTLTOOL_MERGE) $(INTLTOOL_V_MERGE_OPTIONS) -d -u -c $(top_builddir)/po/.intltool-merge-cache $(top_srcdir)/po $< $@'
INTLTOOL_UI_RULE='%.ui:        %.ui.in        $(INTLTOOL_MERGE) $(wildcard $(top_srcdir)/po/*.po) ; $(INTLTOOL_V_MERGE)LC_ALL=C $(INTLTOOL_MERGE) $(INTLTOOL_V_MERGE_OPTIONS) -x -u -c $(top_builddir)/po/.intltool-merge-cache $(top_srcdir)/po $< $@'
INTLTOOL_UPDATE='/usr/bin/intltool-update'
INTLTOOL_V_MERGE='$(INTLTOOL__v_MERGE_$(V))'
INTLTOOL_V_MERGE_OPTIONS='$(intltool__v_merge_options_$(V))'
INTLTOOL_XAM_RULE='%.xam:       %.xml.in       $(INTLTOOL_MERGE) $(wildcard $(top_srcdir)/po/*.po) ; $(INTLTOOL_V_MERGE)LC_ALL=C $(INTLTOOL_MERGE) $(INTLTOOL_V_MERGE_OPTIONS) -x -u -c $(top_builddir)/po/.intltool-merge-cache $(top_srcdir)/po $< $@'
INTLTOOL_XML_NOMERGE_RULE='%.xml:       %.xml.in       $(INTLTOOL_MERGE) ; $(INTLTOOL_V_MERGE)LC_ALL=C $(INTLTOOL_MERGE) $(INTLTOOL_V_MERGE_OPTIONS) -x -u --no-translations $< $@'
INTLTOOL_XML_RULE='%.xml:       %.xml.in       $(INTLTOOL_MERGE) $(wildcard $(top_srcdir)/po/*.po) ; $(INTLTOOL_V_MERGE)LC_ALL=C $(INTLTOOL_MERGE) $(INTLTOOL_V_MERGE_OPTIONS) -x -u -c $(top_builddir)/po/.intltool-merge-cache $(top_srcdir)/po $< $@'
INTLTOOL__v_MERGE_0='@echo "  ITMRG " $@;'
INTLTOOL__v_MERGE_='$(INTLTOOL__v_MERGE_$(AM_DEFAULT_VERBOSITY))'
INTL_MACOSX_LIBS=''
ITSTOOL='itstool'
LDFLAGS=''
LIBNOTIFY_CFLAGS=''
LIBNOTIFY_LIBS=''
LIBOBJS=''
LIBS=''
LN_S='ln -s'
LTLIBOBJS=''
MAINT=''
MAINTAINER_MODE_FALSE='#'
MAINTAINER_MODE_TRUE=''
MAKEINFO='${SHELL} /home/byjumperx4/src/firefox-privacykit/zenity-src/zenity-ZENITY_3_12_1/missing makeinfo'
MKDIR_P='/usr/bin/mkdir -p'
MKINSTALLDIRS='./mkinstalldirs'
MSGFMT='/usr/bin/msgfmt'
MSGFMT_OPTS='-c'
MSGMERGE='/usr/bin/msgmerge'
OBJEXT='o'
PACKAGE='zenity'
PACKAGE_BUGREPORT='http://bugzilla.gnome.org/enter_bug.cgi?product=zenity'
PACKAGE_NAME='Zenity'
PACKAGE_STRING='Zenity 3.12.1'
PACKAGE_TARNAME='zenity'
PACKAGE_URL=''
PACKAGE_VERSION='3.12.1'
PATH_SEPARATOR=':'
PERL='/usr/bin/perl'
PKG_CONFIG='/usr/bin/pkg-config'
PKG_CONFIG_LIBDIR=''
PKG_CONFIG_PATH=''
POFILES=''
POSUB='po'
PO_IN_DATADIR_FALSE=''
PO_IN_DATADIR_TRUE=''
SET_MAKE=''
SHELL='/bin/sh'
STRIP=''
USE_NLS='yes'
VERSION='3.12.1'
WARN_CFLAGS=' -Wall -Wstrict-prototypes -Wnested-externs -Werror=missing-prototypes -Werror=implicit-function-declaration -Werror=pointer-arith -Werror=init-self -Werror=format=2 -Werror=missing-include-dirs -Werror=return-type '
WEBKIT_CFLAGS=''
WEBKIT_LIBS=''
XGETTEXT='/usr/bin/xgettext'
XMLLINT='xmllint'
X_CFLAGS=''
X_LIBS='-lX11 '
YELP_HELP_RULES='
YELP_LC_DIST='true'
YELP_LC_MEDIA_LINKS='true'
ZENITY_CFLAGS='-I/usr/include/gtk-3.0 -I/usr/include/pango-1.0 -I/usr/include/glib-2.0 -I/usr/lib64/glib-2.0/include -I/usr/include/sysprof-4 -I/usr/include/harfbuzz -I/usr/include/freetype2 -I/usr/include/libpng16 -I/usr/include/libmount -I/usr/include/blkid -I/usr/include/fribidi -I/usr/include/libxml2 -I/usr/include/cairo -I/usr/include/pixman-1 -I/usr/include/gdk-pixbuf-2.0 -I/usr/include/gio-unix-2.0 -I/usr/include/cloudproviders -I/usr/include/atk-1.0 -I/usr/include/at-spi2-atk/2.0 -I/usr/include/dbus-1.0 -I/usr/lib64/dbus-1.0/include -I/usr/include/at-spi-2.0 -pthread  '
ZENITY_LIBS='-lgtk-3 -lgdk-3 -lpangocairo-1.0 -lpango-1.0 -lharfbuzz -latk-1.0 -lcairo-gobject -lcairo -lgdk_pixbuf-2.0 -lgio-2.0 -lgobject-2.0 -lglib-2.0  -lX11 '
_HELP_C_EXTRA = $(foreach f,$(HELP_EXTRA),C/$(f))
_HELP_C_FILES = $(foreach f,$(HELP_FILES),C/$(f))
_HELP_C_MEDIA = $(foreach f,$(HELP_MEDIA),C/$(f))
_HELP_DEFAULT_V = $(if $(AM_DEFAULT_VERBOSITY),$(AM_DEFAULT_VERBOSITY),1)
_HELP_LC_FILES = $(foreach lc,$(_HELP_LINGUAS),$(foreach f,$(HELP_FILES),$(lc)/$(f)))
_HELP_LC_STAMPS = $(foreach lc,$(_HELP_LINGUAS),$(lc)/$(lc).stamp)
_HELP_LC_VERBOSE = $(_HELP_LC_VERBOSE_$(_HELP_V))
_HELP_LC_VERBOSE_ = $(_HELP_LC_VERBOSE_$(_HELP_DEFAULT_V))
_HELP_LC_VERBOSE_0 = @echo "  GEN    "$(dir $@);
_HELP_LINGUAS = $(if $(filter environment,$(origin LINGUAS)),$(filter $(LINGUAS),$(HELP_LINGUAS)),$(HELP_LINGUAS))
_HELP_MOFILES = $(patsubst %.po,%.mo,$(_HELP_POFILES))
_HELP_POFILES = $(if $(HELP_ID),$(foreach lc,$(_HELP_LINGUAS),$(lc)/$(lc).po))
_HELP_POTFILE = $(if $(HELP_POT),$(HELP_POT),$(if $(HELP_ID),$(HELP_ID).pot))
_HELP_V = $(if $(V),$(V),$(_HELP_DEFAULT_V))
ac_ct_CC='gcc'
all: $(_HELP_C_FILES) $(_HELP_C_EXTRA) $(_HELP_C_MEDIA) $(_HELP_LC_FILES) $(_HELP_POFILES)
am__EXEEXT_FALSE=''
am__EXEEXT_TRUE='#'
am__fastdepCC_FALSE='#'
am__fastdepCC_TRUE=''
am__include='include'
am__isrc=''
am__leading_dot='.'
am__nodep='_no'
am__quote=''
am__tar='$${TAR-tar} chof - "$$tardir"'
am__untar='$${TAR-tar} xf -'
bindir='${exec_prefix}/bin'
build_alias=''
check-help:
check: check-help
clean-help:
datadir='/tmp'
datarootdir='${prefix}/share'
distdir-help-files: $(_HELP_LC_FILES)
distdir: distdir-help-files
docdir='${datarootdir}/doc/${PACKAGE_TARNAME}'
dvidir='${docdir}'
exec_prefix='${prefix}'
host_alias=''
htmldir='${docdir}'
includedir='${prefix}/include'
infodir='${datarootdir}/info'
install-data-am: $(if $(HELP_ID),install-help)
install-help: $(_HELP_LC_FILES)
install_sh='${SHELL} /home/byjumperx4/src/firefox-privacykit/zenity-src/zenity-ZENITY_3_12_1/install-sh'
intltool__v_merge_options_0='-q'
intltool__v_merge_options_='$(intltool__v_merge_options_$(AM_DEFAULT_VERBOSITY))'
libdir='${exec_prefix}/lib'
libexecdir='${exec_prefix}/libexec'
localedir='${datarootdir}/locale'
localstatedir='${prefix}/var'
mandir='${datarootdir}/man'
mkdir_p='$(MKDIR_P)'
mostlyclean-am: $(if $(HELP_ID),clean-help)
oldincludedir='/usr/include'
pdfdir='${docdir}'
pot: $(_HELP_POTFILE)
prefix='/usr/local'
program_transform_name='s,x,x,'
psdir='${docdir}'
repo: $(_HELP_POTFILE)
runstatedir='${localstatedir}/run'
sbindir='${exec_prefix}/sbin'
sharedstatedir='${prefix}/com'
sysconfdir='${prefix}/etc'
target_alias=''
uninstall-am: $(if $(HELP_ID),uninstall-help)
uninstall-help:

## ----------- ##
## confdefs.h. ##
## ----------- ##

/* confdefs.h */
#define PACKAGE_NAME "Zenity"
#define PACKAGE_TARNAME "zenity"
#define PACKAGE_VERSION "3.12.1"
#define PACKAGE_STRING "Zenity 3.12.1"
#define PACKAGE_BUGREPORT "http://bugzilla.gnome.org/enter_bug.cgi?product=zenity"
#define PACKAGE_URL ""
#define PACKAGE "zenity"
#define VERSION "3.12.1"
#define NDEBUG 1
#define GETTEXT_PACKAGE "zenity"
#define STDC_HEADERS 1
#define HAVE_SYS_TYPES_H 1
#define HAVE_SYS_STAT_H 1
#define HAVE_STDLIB_H 1
#define HAVE_STRING_H 1
#define HAVE_MEMORY_H 1
#define HAVE_STRINGS_H 1
#define HAVE_INTTYPES_H 1
#define HAVE_STDINT_H 1
#define HAVE_UNISTD_H 1
#define HAVE_LOCALE_H 1
#define HAVE_LC_MESSAGES 1
#define HAVE_BIND_TEXTDOMAIN_CODESET 1
#define HAVE_GETTEXT 1
#define HAVE_DCGETTEXT 1
#define ENABLE_NLS 1

configure: exit 0

## ---------------------- ##
## Running config.status. ##
## ---------------------- ##

This file was extended by Zenity config.status 3.12.1, which was
generated by GNU Autoconf 2.69.  Invocation command line was

  CONFIG_FILES    = 
  CONFIG_HEADERS  = 
  CONFIG_LINKS    = 
  CONFIG_COMMANDS = 
  $ ./config.status 

on PCmoncamo

config.status:1136: creating Makefile
config.status:1136: creating po/Makefile.in
config.status:1136: creating src/Makefile
config.status:1136: creating src/gdialog
config.status:1136: creating data/Makefile
config.status:1136: creating help/Makefile
config.status:1136: creating config.h
config.status:1317: config.h is unchanged
config.status:1365: executing depfiles commands
config.status:1442: cd src       && sed -e '/# am--include-marker/d' Makefile         | make -f - am--depfiles
make[1]: warning: jobserver unavailable: using -j1.  Add '+' to parent make rule.
make[1]: Entering directory '/home/byjumperx4/src/firefox-privacykit/zenity-src/zenity-ZENITY_3_12_1/src'
make[1]: Nothing to be done for 'am--depfiles'.
make[1]: Leaving directory '/home/byjumperx4/src/firefox-privacykit/zenity-src/zenity-ZENITY_3_12_1/src'
config.status:1447: $? = 0
config.status:1365: executing default-1 commands
config.status:1365: executing po/stamp-it commands
